<?xml version="1.0" encoding="UTF-8"?>
<!-- Generated by org.testng.reporters.JUnitReportReporter -->
<testsuite hostname="Santhu" failures="0" tests="3" name="com.tms.testscripts.Test002" time="217.067" errors="0" timestamp="2023-03-31T12:26:08 IST" skipped="1">
  <testcase classname="com.tms.testscripts.Test002" name="cancelBooking" time="8.640"/>
  <system-out>
    <![CDATA[cancelBooking--->Testscript execution started
cancelBooking-->Testscript executed successfully]]>
  </system-out>
  <testcase classname="com.tms.testscripts.Test002" name="bookTour" time="208.427"/>
  <system-out>
    <![CDATA[bookTour--->Testscript execution started
bookTour-->Testscript executed successfully]]>
  </system-out>
  <testcase classname="com.tms.testscripts.Test002" name="confirmBooking">
    <skipped/>
  </testcase> <!-- confirmBooking -->
  <system-out/>
</testsuite> <!-- com.tms.testscripts.Test002 -->
