<?xml version="1.0" encoding="UTF-8"?>
<!-- Generated by org.testng.reporters.JUnitReportReporter -->
<testsuite hostname="Santhu" failures="0" tests="1" name="com.tms.testscripts.Test004" time="0.009" errors="0" timestamp="2023-03-24T10:53:18 IST" skipped="0">
  <testcase classname="com.tms.testscripts.Test004" name="test" time="0.009"/>
  <system-out/>
</testsuite> <!-- com.tms.testscripts.Test004 -->
