<?xml version="1.0" encoding="UTF-8"?>
<!-- Generated by org.testng.reporters.JUnitReportReporter -->
<testsuite hostname="Santhu" failures="0" tests="2" name="com.tms.Practice.TC_004" time="1.104" errors="0" timestamp="2023-03-28T16:38:17 IST" skipped="0">
  <testcase classname="com.tms.Practice.TC_004" name="TS_7" time="0.892"/>
  <system-out>
    <![CDATA[TS_7--->Testscript execution started
TS_7-->Testscript executed successfully]]>
  </system-out>
  <testcase classname="com.tms.Practice.TC_004" name="TS_8" time="0.212"/>
  <system-out>
    <![CDATA[TS_8--->Testscript execution started
TS_8-->Testscript executed successfully]]>
  </system-out>
</testsuite> <!-- com.tms.Practice.TC_004 -->
