<?xml version="1.0" encoding="UTF-8"?>
<!-- Generated by org.testng.reporters.JUnitReportReporter -->
<testsuite hostname="Santhu" failures="0" tests="2" name="com.tms.testscripts.Test003" time="17.494" errors="0" timestamp="2023-03-31T10:40:56 IST" skipped="0">
  <testcase classname="com.tms.testscripts.Test003" name="createIssueTest" time="8.196"/>
  <system-out>
    <![CDATA[createIssueTest--->Testscript execution started
createIssueTest-->Testscript executed successfully]]>
  </system-out>
  <testcase classname="com.tms.testscripts.Test003" name="manageIssueTest" time="9.298"/>
  <system-out>
    <![CDATA[manageIssueTest--->Testscript execution started
manageIssueTest-->Testscript executed successfully]]>
  </system-out>
</testsuite> <!-- com.tms.testscripts.Test003 -->
